0 info it worked if it ends with ok
1 verbose cli [ '/usr/bin/nodejs',
1 verbose cli   '/usr/bin/npm',
1 verbose cli   'install',
1 verbose cli   '-g',
1 verbose cli   'localtunnel' ]
2 info using npm@2.15.11
3 info using node@v4.8.4
4 verbose install initial load of /usr/lib/package.json
5 verbose readDependencies loading dependencies from /usr/lib/package.json
6 silly cache add args [ 'localtunnel', null ]
7 verbose cache add spec localtunnel
8 silly cache add parsed spec Result {
8 silly cache add   raw: 'localtunnel',
8 silly cache add   scope: null,
8 silly cache add   name: 'localtunnel',
8 silly cache add   rawSpec: '',
8 silly cache add   spec: 'latest',
8 silly cache add   type: 'tag' }
9 silly addNamed localtunnel@latest
10 verbose addNamed "latest" is being treated as a dist-tag for localtunnel
11 info addNameTag [ 'localtunnel', 'latest' ]
12 silly mapToRegistry name localtunnel
13 silly mapToRegistry using default registry
14 silly mapToRegistry registry https://registry.npmjs.org/
15 silly mapToRegistry data Result {
15 silly mapToRegistry   raw: 'localtunnel',
15 silly mapToRegistry   scope: null,
15 silly mapToRegistry   name: 'localtunnel',
15 silly mapToRegistry   rawSpec: '',
15 silly mapToRegistry   spec: 'latest',
15 silly mapToRegistry   type: 'tag' }
16 silly mapToRegistry uri https://registry.npmjs.org/localtunnel
17 verbose addNameTag registry:https://registry.npmjs.org/localtunnel not in flight; fetching
18 verbose request uri https://registry.npmjs.org/localtunnel
19 verbose request no auth needed
20 info attempt registry request try #1 at 2:20:31 PM
21 verbose request id 270f5a647c00ba03
22 http request GET https://registry.npmjs.org/localtunnel
23 http 200 https://registry.npmjs.org/localtunnel
24 verbose headers { 'content-type': 'application/json; charset=UTF-8',
24 verbose headers   server: 'UploadServer',
24 verbose headers   'cache-control': 'max-age=300',
24 verbose headers   'last-modified': 'Sun, 11 Mar 2018 18:24:26 GMT',
24 verbose headers   etag: '"5aa5745a-7abb"',
24 verbose headers   'x-npm-region': 'US-East',
24 verbose headers   'content-encoding': 'gzip',
24 verbose headers   'content-length': '5114',
24 verbose headers   'accept-ranges': 'bytes',
24 verbose headers   date: 'Mon, 19 Mar 2018 19:20:31 GMT',
24 verbose headers   via: '1.1 varnish',
24 verbose headers   age: '1586',
24 verbose headers   connection: 'keep-alive',
24 verbose headers   'x-served-by': 'cache-iad2650-IAD',
24 verbose headers   'x-cache': 'HIT',
24 verbose headers   'x-cache-hits': '7',
24 verbose headers   'x-timer': 'S1521487232.522567,VS0,VE0',
24 verbose headers   vary: 'Accept-Encoding, Accept' }
25 silly get cb [ 200,
25 silly get   { 'content-type': 'application/json; charset=UTF-8',
25 silly get     server: 'UploadServer',
25 silly get     'cache-control': 'max-age=300',
25 silly get     'last-modified': 'Sun, 11 Mar 2018 18:24:26 GMT',
25 silly get     etag: '"5aa5745a-7abb"',
25 silly get     'x-npm-region': 'US-East',
25 silly get     'content-encoding': 'gzip',
25 silly get     'content-length': '5114',
25 silly get     'accept-ranges': 'bytes',
25 silly get     date: 'Mon, 19 Mar 2018 19:20:31 GMT',
25 silly get     via: '1.1 varnish',
25 silly get     age: '1586',
25 silly get     connection: 'keep-alive',
25 silly get     'x-served-by': 'cache-iad2650-IAD',
25 silly get     'x-cache': 'HIT',
25 silly get     'x-cache-hits': '7',
25 silly get     'x-timer': 'S1521487232.522567,VS0,VE0',
25 silly get     vary: 'Accept-Encoding, Accept' } ]
26 verbose get saving localtunnel to /home/bzr0014/.npm/registry.npmjs.org/localtunnel/.cache.json
27 verbose correctMkdir /home/bzr0014/.npm correctMkdir not in flight; initializing
28 silly addNameTag next cb for localtunnel with tag latest
29 silly addNamed localtunnel@1.8.3
30 verbose addNamed "1.8.3" is a plain semver version for localtunnel
31 silly mapToRegistry name localtunnel
32 silly mapToRegistry using default registry
33 silly mapToRegistry registry https://registry.npmjs.org/
34 silly mapToRegistry data Result {
34 silly mapToRegistry   raw: 'localtunnel',
34 silly mapToRegistry   scope: null,
34 silly mapToRegistry   name: 'localtunnel',
34 silly mapToRegistry   rawSpec: '',
34 silly mapToRegistry   spec: 'latest',
34 silly mapToRegistry   type: 'tag' }
35 silly mapToRegistry uri https://registry.npmjs.org/localtunnel
36 verbose addRemoteTarball https://registry.npmjs.org/localtunnel/-/localtunnel-1.8.3.tgz not in flight; adding
37 verbose addRemoteTarball [ 'https://registry.npmjs.org/localtunnel/-/localtunnel-1.8.3.tgz',
37 verbose addRemoteTarball   'dcc5922fd85651037d4bde24fd93248d0b24eb05' ]
38 info retry fetch attempt 1 at 2:20:31 PM
39 info attempt registry request try #1 at 2:20:31 PM
40 http fetch GET https://registry.npmjs.org/localtunnel/-/localtunnel-1.8.3.tgz
41 http fetch 200 https://registry.npmjs.org/localtunnel/-/localtunnel-1.8.3.tgz
42 silly fetchAndShaCheck shasum dcc5922fd85651037d4bde24fd93248d0b24eb05
43 verbose addTmpTarball /tmp/npm-8021-63d891a6/registry.npmjs.org/localtunnel/-/localtunnel-1.8.3.tgz not in flight; adding
44 verbose addTmpTarball already have metadata; skipping unpack for localtunnel@1.8.3
45 verbose correctMkdir /home/bzr0014/.npm correctMkdir not in flight; initializing
46 silly cache afterAdd localtunnel@1.8.3
47 verbose afterAdd /home/bzr0014/.npm/localtunnel/1.8.3/package/package.json not in flight; writing
48 verbose correctMkdir /home/bzr0014/.npm correctMkdir not in flight; initializing
49 verbose afterAdd /home/bzr0014/.npm/localtunnel/1.8.3/package/package.json written
50 silly install resolved [ { author: { name: 'Roman Shtylman', email: 'shtylman@gmail.com' },
50 silly install resolved     name: 'localtunnel',
50 silly install resolved     description: 'expose localhost to the world',
50 silly install resolved     version: '1.8.3',
50 silly install resolved     license: 'MIT',
50 silly install resolved     repository:
50 silly install resolved      { type: 'git',
50 silly install resolved        url: 'git://github.com/localtunnel/localtunnel.git' },
50 silly install resolved     dependencies:
50 silly install resolved      { request: '2.81.0',
50 silly install resolved        yargs: '3.29.0',
50 silly install resolved        debug: '2.6.8',
50 silly install resolved        openurl: '1.1.1' },
50 silly install resolved     devDependencies: { mocha: '~1.17.0' },
50 silly install resolved     scripts: { test: 'mocha --ui qunit --reporter list --timeout 10000 -- test/index.js' },
50 silly install resolved     bin: { lt: './bin/client' },
50 silly install resolved     main: './client.js',
50 silly install resolved     gitHead: '627cfe47838643942bd8540387f6202d518c164e',
50 silly install resolved     bugs: { url: 'https://github.com/localtunnel/localtunnel/issues' },
50 silly install resolved     homepage: 'https://github.com/localtunnel/localtunnel#readme',
50 silly install resolved     _id: 'localtunnel@1.8.3',
50 silly install resolved     _shasum: 'dcc5922fd85651037d4bde24fd93248d0b24eb05',
50 silly install resolved     _from: 'localtunnel@latest',
50 silly install resolved     _npmVersion: '4.1.2',
50 silly install resolved     _nodeVersion: '7.7.1',
50 silly install resolved     _npmUser: { name: 'defunctzombie', email: 'shtylman@gmail.com' },
50 silly install resolved     dist:
50 silly install resolved      { shasum: 'dcc5922fd85651037d4bde24fd93248d0b24eb05',
50 silly install resolved        tarball: 'https://registry.npmjs.org/localtunnel/-/localtunnel-1.8.3.tgz' },
50 silly install resolved     maintainers: [ [Object] ],
50 silly install resolved     _npmOperationalInternal:
50 silly install resolved      { host: 's3://npm-registry-packages',
50 silly install resolved        tmp: 'tmp/localtunnel-1.8.3.tgz_1497226815960_0.8988147834315896' },
50 silly install resolved     directories: {},
50 silly install resolved     _resolved: 'https://registry.npmjs.org/localtunnel/-/localtunnel-1.8.3.tgz' } ]
51 info install localtunnel@1.8.3 into /usr/lib
52 info installOne localtunnel@1.8.3
53 verbose installOne of localtunnel to /usr/lib not in flight; installing
54 verbose correctMkdir /home/bzr0014/.npm/_locks correctMkdir not in flight; initializing
55 verbose lock using /home/bzr0014/.npm/_locks/localtunnel-32572fb6c89cd19b.lock for /usr/lib/node_modules/localtunnel
56 silly install write writing localtunnel 1.8.3 to /usr/lib/node_modules/localtunnel
57 verbose unbuild lib/node_modules/localtunnel
58 silly gentlyRm /usr/lib/node_modules/localtunnel is being purged from base /usr
59 verbose gentlyRm don't care about contents; nuking /usr/lib/node_modules/localtunnel
60 verbose tar unpack /home/bzr0014/.npm/localtunnel/1.8.3/package.tgz
61 verbose tar unpacking to /usr/lib/node_modules/localtunnel
62 silly gentlyRm /usr/lib/node_modules/localtunnel is being purged
63 verbose gentlyRm don't care about contents; nuking /usr/lib/node_modules/localtunnel
64 silly gunzTarPerm modes [ '775', '664' ]
65 error tar.unpack untar error /home/bzr0014/.npm/localtunnel/1.8.3/package.tgz
66 verbose unlock done using /home/bzr0014/.npm/_locks/localtunnel-32572fb6c89cd19b.lock for /usr/lib/node_modules/localtunnel
67 verbose fstream_path /usr/lib/node_modules/localtunnel
68 verbose fstream_type Directory
69 verbose fstream_class DirWriter
70 verbose stack Error: EACCES: permission denied, mkdir '/usr/lib/node_modules/localtunnel'
70 verbose stack     at Error (native)
71 verbose fstream_stack /usr/lib/node_modules/npm/node_modules/fstream/lib/dir-writer.js:35:25
71 verbose fstream_stack /usr/lib/node_modules/npm/node_modules/mkdirp/index.js:47:53
71 verbose fstream_stack FSReqWrap.oncomplete (fs.js:82:15)
72 verbose cwd /home/bzr0014/watson/scripts
73 error Linux 4.13.0-36-generic
74 error argv "/usr/bin/nodejs" "/usr/bin/npm" "install" "-g" "localtunnel"
75 error node v4.8.4
76 error npm  v2.15.11
77 error path /usr/lib/node_modules/localtunnel
78 error code EACCES
79 error errno -13
80 error syscall mkdir
81 error Error: EACCES: permission denied, mkdir '/usr/lib/node_modules/localtunnel'
81 error     at Error (native)
81 error  { [Error: EACCES: permission denied, mkdir '/usr/lib/node_modules/localtunnel']
81 error   errno: -13,
81 error   code: 'EACCES',
81 error   syscall: 'mkdir',
81 error   path: '/usr/lib/node_modules/localtunnel',
81 error   fstream_type: 'Directory',
81 error   fstream_path: '/usr/lib/node_modules/localtunnel',
81 error   fstream_class: 'DirWriter',
81 error   fstream_stack:
81 error    [ '/usr/lib/node_modules/npm/node_modules/fstream/lib/dir-writer.js:35:25',
81 error      '/usr/lib/node_modules/npm/node_modules/mkdirp/index.js:47:53',
81 error      'FSReqWrap.oncomplete (fs.js:82:15)' ] }
82 error Please try running this command again as root/Administrator.
83 verbose exit [ -13, true ]
84 verbose unbuild lib/node_modules/localtunnel
85 silly gentlyRm /usr/lib/node_modules/localtunnel is being purged from base /usr
86 verbose gentlyRm don't care about contents; nuking /usr/lib/node_modules/localtunnel
