This is pdfTeX, Version 3.14159265-2.6-1.40.16 (TeX Live 2015/Debian) (preloaded format=pdflatex 2017.10.16)  5 FEB 2018 11:15
entering extended mode
 restricted \write18 enabled.
 %&-line parsing enabled.
**basics.tex
(./basics.tex
LaTeX2e <2016/02/01>
Babel <3.9q> and hyphenation patterns for 81 language(s) loaded.
(/usr/share/texlive/texmf-dist/tex/latex/base/article.cls
Document Class: article 2014/09/29 v1.4h Standard LaTeX document class
(/usr/share/texlive/texmf-dist/tex/latex/base/size10.clo
File: size10.clo 2014/09/29 v1.4h Standard LaTeX file (size option)
)
\c@part=\count79
\c@section=\count80
\c@subsection=\count81
\c@subsubsection=\count82
\c@paragraph=\count83
\c@subparagraph=\count84
\c@figure=\count85
\c@table=\count86
\abovecaptionskip=\skip41
\belowcaptionskip=\skip42
\bibindent=\dimen102
)
(/usr/share/texlive/texmf-dist/tex/latex/geometry/geometry.sty
Package: geometry 2010/09/12 v5.6 Page Geometry

(/usr/share/texlive/texmf-dist/tex/latex/graphics/keyval.sty
Package: keyval 2014/10/28 v1.15 key=value parser (DPC)
\KV@toks@=\toks14
)
(/usr/share/texlive/texmf-dist/tex/generic/oberdiek/ifpdf.sty
Package: ifpdf 2011/01/30 v2.3 Provides the ifpdf switch (HO)
Package ifpdf Info: pdfTeX in PDF mode is detected.
)
(/usr/share/texlive/texmf-dist/tex/generic/oberdiek/ifvtex.sty
Package: ifvtex 2010/03/01 v1.5 Detect VTeX and its facilities (HO)
Package ifvtex Info: VTeX not detected.
)
(/usr/share/texlive/texmf-dist/tex/generic/ifxetex/ifxetex.sty
Package: ifxetex 2010/09/12 v0.6 Provides ifxetex conditional
)
\Gm@cnth=\count87
\Gm@cntv=\count88
\c@Gm@tempcnt=\count89
\Gm@bindingoffset=\dimen103
\Gm@wd@mp=\dimen104
\Gm@odd@mp=\dimen105
\Gm@even@mp=\dimen106
\Gm@layoutwidth=\dimen107
\Gm@layoutheight=\dimen108
\Gm@layouthoffset=\dimen109
\Gm@layoutvoffset=\dimen110
\Gm@dimlist=\toks15
)
(/usr/share/texlive/texmf-dist/tex/latex/hyperref/hyperref.sty
Package: hyperref 2012/11/06 v6.83m Hypertext links for LaTeX

(/usr/share/texlive/texmf-dist/tex/generic/oberdiek/hobsub-hyperref.sty
Package: hobsub-hyperref 2012/05/28 v1.13 Bundle oberdiek, subset hyperref (HO)


(/usr/share/texlive/texmf-dist/tex/generic/oberdiek/hobsub-generic.sty
Package: hobsub-generic 2012/05/28 v1.13 Bundle oberdiek, subset generic (HO)
Package: hobsub 2012/05/28 v1.13 Construct package bundles (HO)
Package: infwarerr 2010/04/08 v1.3 Providing info/warning/error messages (HO)
Package: ltxcmds 2011/11/09 v1.22 LaTeX kernel commands for general use (HO)
Package: ifluatex 2010/03/01 v1.3 Provides the ifluatex switch (HO)
Package ifluatex Info: LuaTeX not detected.
Package hobsub Info: Skipping package `ifvtex' (already loaded).
Package: intcalc 2007/09/27 v1.1 Expandable calculations with integers (HO)
Package hobsub Info: Skipping package `ifpdf' (already loaded).
Package: etexcmds 2011/02/16 v1.5 Avoid name clashes with e-TeX commands (HO)
Package etexcmds Info: Could not find \expanded.
(etexcmds)             That can mean that you are not using pdfTeX 1.50 or
(etexcmds)             that some package has redefined \expanded.
(etexcmds)             In the latter case, load this package earlier.
Package: kvsetkeys 2012/04/25 v1.16 Key value parser (HO)
Package: kvdefinekeys 2011/04/07 v1.3 Define keys (HO)
Package: pdftexcmds 2011/11/29 v0.20 Utility functions of pdfTeX for LuaTeX (HO
)
Package pdftexcmds Info: LuaTeX not detected.
Package pdftexcmds Info: \pdf@primitive is available.
Package pdftexcmds Info: \pdf@ifprimitive is available.
Package pdftexcmds Info: \pdfdraftmode found.
Package: pdfescape 2011/11/25 v1.13 Implements pdfTeX's escape features (HO)
Package: bigintcalc 2012/04/08 v1.3 Expandable calculations on big integers (HO
)
Package: bitset 2011/01/30 v1.1 Handle bit-vector datatype (HO)
Package: uniquecounter 2011/01/30 v1.2 Provide unlimited unique counter (HO)
)
Package hobsub Info: Skipping package `hobsub' (already loaded).
Package: letltxmacro 2010/09/02 v1.4 Let assignment for LaTeX macros (HO)
Package: hopatch 2012/05/28 v1.2 Wrapper for package hooks (HO)
Package: xcolor-patch 2011/01/30 xcolor patch
Package: atveryend 2011/06/30 v1.8 Hooks at the very end of document (HO)
Package atveryend Info: \enddocument detected (standard20110627).
Package: atbegshi 2011/10/05 v1.16 At begin shipout hook (HO)
Package: refcount 2011/10/16 v3.4 Data extraction from label references (HO)
Package: hycolor 2011/01/30 v1.7 Color options for hyperref/bookmark (HO)
)
(/usr/share/texlive/texmf-dist/tex/latex/oberdiek/auxhook.sty
Package: auxhook 2011/03/04 v1.3 Hooks for auxiliary files (HO)
)
(/usr/share/texlive/texmf-dist/tex/latex/oberdiek/kvoptions.sty
Package: kvoptions 2011/06/30 v3.11 Key value format for package options (HO)
)
\@linkdim=\dimen111
\Hy@linkcounter=\count90
\Hy@pagecounter=\count91

(/usr/share/texlive/texmf-dist/tex/latex/hyperref/pd1enc.def
File: pd1enc.def 2012/11/06 v6.83m Hyperref: PDFDocEncoding definition (HO)
)
\Hy@SavedSpaceFactor=\count92

(/usr/share/texlive/texmf-dist/tex/latex/latexconfig/hyperref.cfg
File: hyperref.cfg 2002/06/06 v1.2 hyperref configuration of TeXLive
)
Package hyperref Info: Hyper figures OFF on input line 4443.
Package hyperref Info: Link nesting OFF on input line 4448.
Package hyperref Info: Hyper index ON on input line 4451.
Package hyperref Info: Plain pages OFF on input line 4458.
Package hyperref Info: Backreferencing OFF on input line 4463.
Package hyperref Info: Implicit mode ON; LaTeX internals redefined.
Package hyperref Info: Bookmarks ON on input line 4688.
\c@Hy@tempcnt=\count93

(/usr/share/texlive/texmf-dist/tex/latex/url/url.sty
\Urlmuskip=\muskip10
Package: url 2013/09/16  ver 3.4  Verb mode for urls, etc.
)
LaTeX Info: Redefining \url on input line 5041.
\XeTeXLinkMargin=\dimen112
\Fld@menulength=\count94
\Field@Width=\dimen113
\Fld@charsize=\dimen114
Package hyperref Info: Hyper figures OFF on input line 6295.
Package hyperref Info: Link nesting OFF on input line 6300.
Package hyperref Info: Hyper index ON on input line 6303.
Package hyperref Info: backreferencing OFF on input line 6310.
Package hyperref Info: Link coloring OFF on input line 6315.
Package hyperref Info: Link coloring with OCG OFF on input line 6320.
Package hyperref Info: PDF/A mode OFF on input line 6325.
LaTeX Info: Redefining \ref on input line 6365.
LaTeX Info: Redefining \pageref on input line 6369.
\Hy@abspage=\count95
\c@Item=\count96
\c@Hfootnote=\count97
)

Package hyperref Message: Driver (autodetected): hpdftex.

(/usr/share/texlive/texmf-dist/tex/latex/hyperref/hpdftex.def
File: hpdftex.def 2012/11/06 v6.83m Hyperref driver for pdfTeX
\Fld@listcount=\count98
\c@bookmark@seq@number=\count99

(/usr/share/texlive/texmf-dist/tex/latex/oberdiek/rerunfilecheck.sty
Package: rerunfilecheck 2011/04/15 v1.7 Rerun checks for auxiliary files (HO)
Package uniquecounter Info: New unique counter `rerunfilecheck' on input line 2
82.
)
\Hy@SectionHShift=\skip43
)
(/usr/share/texlive/texmf-dist/tex/latex/graphics/graphicx.sty
Package: graphicx 2014/10/28 v1.0g Enhanced LaTeX Graphics (DPC,SPQR)

(/usr/share/texlive/texmf-dist/tex/latex/graphics/graphics.sty
Package: graphics 2016/01/03 v1.0q Standard LaTeX Graphics (DPC,SPQR)

(/usr/share/texlive/texmf-dist/tex/latex/graphics/trig.sty
Package: trig 2016/01/03 v1.10 sin cos tan (DPC)
)
(/usr/share/texlive/texmf-dist/tex/latex/latexconfig/graphics.cfg
File: graphics.cfg 2010/04/23 v1.9 graphics configuration of TeX Live
)
Package graphics Info: Driver file: pdftex.def on input line 95.

(/usr/share/texlive/texmf-dist/tex/latex/pdftex-def/pdftex.def
File: pdftex.def 2011/05/27 v0.06d Graphics/color for pdfTeX
\Gread@gobject=\count100
))
\Gin@req@height=\dimen115
\Gin@req@width=\dimen116
)
(/usr/share/texlive/texmf-dist/tex/latex/csquotes/csquotes.sty
Package: csquotes 2016/01/31 v5.1g context-sensitive quotations (JAW)

(/usr/share/texlive/texmf-dist/tex/latex/etoolbox/etoolbox.sty
Package: etoolbox 2015/08/02 v2.2a e-TeX tools for LaTeX (JAW)
\etb@tempcnta=\count101
)
\csq@reset=\count102
\csq@gtype=\count103
\csq@glevel=\count104
\csq@qlevel=\count105
\csq@maxlvl=\count106
\csq@tshold=\count107
\csq@ltx@everypar=\toks16

(/usr/share/texlive/texmf-dist/tex/latex/csquotes/csquotes.def
File: csquotes.def 2016/01/31 v5.1g csquotes generic definitions (JAW)
)
Package csquotes Info: Trying to load configuration file 'csquotes.cfg'...
Package csquotes Info: ... configuration file loaded successfully.

(/usr/share/texlive/texmf-dist/tex/latex/csquotes/csquotes.cfg
File: csquotes.cfg 
))
(/usr/share/texlive/texmf-dist/tex/latex/amsmath/amsmath.sty
Package: amsmath 2016/03/03 v2.15a AMS math features
\@mathmargin=\skip44

For additional information on amsmath, use the `?' option.
(/usr/share/texlive/texmf-dist/tex/latex/amsmath/amstext.sty
Package: amstext 2000/06/29 v2.01 AMS text

(/usr/share/texlive/texmf-dist/tex/latex/amsmath/amsgen.sty
File: amsgen.sty 1999/11/30 v2.0 generic functions
\@emptytoks=\toks17
\ex@=\dimen117
))
(/usr/share/texlive/texmf-dist/tex/latex/amsmath/amsbsy.sty
Package: amsbsy 1999/11/29 v1.2d Bold Symbols
\pmbraise@=\dimen118
)
(/usr/share/texlive/texmf-dist/tex/latex/amsmath/amsopn.sty
Package: amsopn 1999/12/14 v2.01 operator names
)
\inf@bad=\count108
LaTeX Info: Redefining \frac on input line 199.
\uproot@=\count109
\leftroot@=\count110
LaTeX Info: Redefining \overline on input line 297.
\classnum@=\count111
\DOTSCASE@=\count112
LaTeX Info: Redefining \ldots on input line 394.
LaTeX Info: Redefining \dots on input line 397.
LaTeX Info: Redefining \cdots on input line 518.
\Mathstrutbox@=\box26
\strutbox@=\box27
\big@size=\dimen119
LaTeX Font Info:    Redeclaring font encoding OML on input line 630.
LaTeX Font Info:    Redeclaring font encoding OMS on input line 631.
\macc@depth=\count113
\c@MaxMatrixCols=\count114
\dotsspace@=\muskip11
\c@parentequation=\count115
\dspbrk@lvl=\count116
\tag@help=\toks18
\row@=\count117
\column@=\count118
\maxfields@=\count119
\andhelp@=\toks19
\eqnshift@=\dimen120
\alignsep@=\dimen121
\tagshift@=\dimen122
\tagwidth@=\dimen123
\totwidth@=\dimen124
\lineht@=\dimen125
\@envbody=\toks20
\multlinegap=\skip45
\multlinetaggap=\skip46
\mathdisplay@stack=\toks21
LaTeX Info: Redefining \[ on input line 2735.
LaTeX Info: Redefining \] on input line 2736.
)
(/usr/share/texlive/texmf-dist/tex/latex/setspace/setspace.sty
Package: setspace 2011/12/19 v6.7a set line spacing
)
(/usr/share/texlive/texmf-dist/tex/latex/float/float.sty
Package: float 2001/11/08 v1.3d Float enhancements (AL)
\c@float@type=\count120
\float@exts=\toks22
\float@box=\box28
\@float@everytoks=\toks23
\@floatcapt=\box29
)
(/usr/share/texlive/texmf-dist/tex/latex/caption/caption.sty
Package: caption 2016/02/21 v3.3-144 Customizing captions (AR)

(/usr/share/texlive/texmf-dist/tex/latex/caption/caption3.sty
Package: caption3 2016/02/04 v1.7-139 caption3 kernel (AR)
Package caption3 Info: TeX engine: e-TeX on input line 67.
\captionmargin=\dimen126
\captionmargin@=\dimen127
\captionwidth=\dimen128
\caption@tempdima=\dimen129
\caption@indent=\dimen130
\caption@parindent=\dimen131
\caption@hangindent=\dimen132
)
\c@ContinuedFloat=\count121
Package caption Info: float package is loaded.
Package caption Info: hyperref package is loaded.
)
(/usr/share/texlive/texmf-dist/tex/latex/caption/subcaption.sty
Package: subcaption 2016/02/20 v1.1-142 Sub-captions (AR)
\c@subfigure=\count122
\c@subtable=\count123
)
(/usr/share/texlive/texmf-dist/tex/latex/graphics/lscape.sty
Package: lscape 2000/10/22 v3.01 Landscape Pages (DPC)
)
Package csquotes Info: Checking for multilingual support...
Package csquotes Info: ... none found.
 (./basics.aux)
\openout1 = `basics.aux'.

LaTeX Font Info:    Checking defaults for OML/cmm/m/it on input line 14.
LaTeX Font Info:    ... okay on input line 14.
LaTeX Font Info:    Checking defaults for T1/cmr/m/n on input line 14.
LaTeX Font Info:    ... okay on input line 14.
LaTeX Font Info:    Checking defaults for OT1/cmr/m/n on input line 14.
LaTeX Font Info:    ... okay on input line 14.
LaTeX Font Info:    Checking defaults for OMS/cmsy/m/n on input line 14.
LaTeX Font Info:    ... okay on input line 14.
LaTeX Font Info:    Checking defaults for OMX/cmex/m/n on input line 14.
LaTeX Font Info:    ... okay on input line 14.
LaTeX Font Info:    Checking defaults for U/cmr/m/n on input line 14.
LaTeX Font Info:    ... okay on input line 14.
LaTeX Font Info:    Checking defaults for PD1/pdf/m/n on input line 14.
LaTeX Font Info:    ... okay on input line 14.

*geometry* driver: auto-detecting
*geometry* detected driver: pdftex
*geometry* verbose mode - [ preamble ] result:
* driver: pdftex
* paper: <default>
* layout: <same size as paper>
* layoutoffset:(h,v)=(0.0pt,0.0pt)
* modes: 
* h-part:(L,W,R)=(72.26999pt, 469.75502pt, 72.26999pt)
* v-part:(T,H,B)=(72.26999pt, 632.3625pt, 90.3375pt)
* \paperwidth=614.295pt
* \paperheight=794.96999pt
* \textwidth=469.75502pt
* \textheight=632.3625pt
* \oddsidemargin=0.0pt
* \evensidemargin=0.0pt
* \topmargin=-37.0pt
* \headheight=12.0pt
* \headsep=25.0pt
* \topskip=10.0pt
* \footskip=30.0pt
* \marginparwidth=65.0pt
* \marginparsep=11.0pt
* \columnsep=10.0pt
* \skip\footins=9.0pt plus 4.0pt minus 2.0pt
* \hoffset=0.0pt
* \voffset=0.0pt
* \mag=1000
* \@twocolumnfalse
* \@twosidefalse
* \@mparswitchfalse
* \@reversemarginfalse
* (1in=72.27pt=25.4mm, 1cm=28.453pt)

\AtBeginShipoutBox=\box30
Package hyperref Info: Link coloring OFF on input line 14.
(/usr/share/texlive/texmf-dist/tex/latex/hyperref/nameref.sty
Package: nameref 2012/10/27 v2.43 Cross-referencing by name of section

(/usr/share/texlive/texmf-dist/tex/generic/oberdiek/gettitlestring.sty
Package: gettitlestring 2010/12/03 v1.4 Cleanup title references (HO)
)
\c@section@level=\count124
)
LaTeX Info: Redefining \ref on input line 14.
LaTeX Info: Redefining \pageref on input line 14.
LaTeX Info: Redefining \nameref on input line 14.

(./basics.out) (./basics.out)
\@outlinefile=\write3
\openout3 = `basics.out'.


(/usr/share/texlive/texmf-dist/tex/context/base/supp-pdf.mkii
[Loading MPS to PDF converter (version 2006.09.02).]
\scratchcounter=\count125
\scratchdimen=\dimen133
\scratchbox=\box31
\nofMPsegments=\count126
\nofMParguments=\count127
\everyMPshowfont=\toks24
\MPscratchCnt=\count128
\MPscratchDim=\dimen134
\MPnumerator=\count129
\makeMPintoPDFobject=\count130
\everyMPtoPDFconversion=\toks25
) (/usr/share/texlive/texmf-dist/tex/latex/oberdiek/epstopdf-base.sty
Package: epstopdf-base 2010/02/09 v2.5 Base part for package epstopdf

(/usr/share/texlive/texmf-dist/tex/latex/oberdiek/grfext.sty
Package: grfext 2010/08/19 v1.1 Manage graphics extensions (HO)
)
Package grfext Info: Graphics extension search list:
(grfext)             [.png,.pdf,.jpg,.mps,.jpeg,.jbig2,.jb2,.PNG,.PDF,.JPG,.JPE
G,.JBIG2,.JB2,.eps]
(grfext)             \AppendGraphicsExtensions on input line 452.

(/usr/share/texlive/texmf-dist/tex/latex/latexconfig/epstopdf-sys.cfg
File: epstopdf-sys.cfg 2010/07/13 v1.3 Configuration of (r)epstopdf for TeX Liv
e
))
Package caption Info: Begin \AtBeginDocument code.
Package caption Info: End \AtBeginDocument code.

Overfull \hbox (17.24098pt too wide) in paragraph at lines 23--24
[][]$\OT1/cmtt/m/n/10 http : / / bioinformatics . oxfordjournals . org / conten
t / early / 2015 / 12 / 31 / bioinformatics . btv754 .
 []


Overfull \hbox (19.24197pt too wide) in paragraph at lines 31--32
[]\OT1/cmss/m/n/10 Including can-cer-ous cells: []$\OT1/cmtt/m/n/10 http : / / 
sysbio . rnet . missouri . edu / T0510 / tmp _ download / link _ to _ download 
_
 []

[1

{/var/lib/texmf/fonts/map/pdftex/updmap/pdftex.map}]
Overfull \hbox (129.49002pt too wide) in paragraph at lines 53--54
[][]$\OT1/cmtt/m/n/10 https : / / academic . oup . com / bioinformatics / artic
le / 23 / 2 / e177 / 202080 / Biological-[]network-[]comparison-[]using-[]graph
let$[] 
 []


LaTeX Font Warning: Font shape `OT1/cmss/m/it' in size <10> not available
(Font)              Font shape `OT1/cmss/m/sl' tried instead on input line 75.

[2]
Underfull \hbox (badness 10000) in paragraph at lines 117--122

 []

Missing character: There is no â in font cmss10!
Missing character: There is no € in font cmss10!
Missing character: There is no “ in font cmss10!
[3] <graphlets.png, id=121, 754.82pt x 422.57875pt>
File: graphlets.png Graphic file (type png)
 <use graphlets.png>
Package pdftex.def Info: graphlets.png used on input line 199.
(pdftex.def)             Requested size: 377.40909pt x 211.28885pt.
LaTeX Font Info:    Try loading font information for OMS+cmss on input line 204
.
LaTeX Font Info:    No file OMScmss.fd. on input line 204.


LaTeX Font Warning: Font shape `OMS/cmss/m/n' undefined
(Font)              using `OMS/cmsy/m/n' instead
(Font)              for symbol `textbullet' on input line 204.

[4] [5 <./graphlets.png>]
Underfull \hbox (badness 10000) in paragraph at lines 258--259

 []

<figures/ordered_graphlets.png, id=158, 730.73pt x 396.48125pt>
File: figures/ordered_graphlets.png Graphic file (type png)

<use figures/ordered_graphlets.png>
Package pdftex.def Info: figures/ordered_graphlets.png used on input line 283.
(pdftex.def)             Requested size: 234.8775pt x 127.43921pt.
 [6 <./figures/ordered_graphlets.png>]
[7] <figures/thresholded_adjacency.png, id=194, 661.47125pt x 546.04pt>
File: figures/thresholded_adjacency.png Graphic file (type png)

<use figures/thresholded_adjacency.png>
Package pdftex.def Info: figures/thresholded_adjacency.png used on input line 3
85.
(pdftex.def)             Requested size: 234.8775pt x 193.88304pt.
 [8]
<figures/hist01.png, id=211, 578.16pt x 433.62pt>
File: figures/hist01.png Graphic file (type png)
 <use figures/hist01.png>
Package pdftex.def Info: figures/hist01.png used on input line 433.
(pdftex.def)             Requested size: 211.38832pt x 158.53795pt.

<figures/hist02.png, id=212, 578.16pt x 433.62pt>
File: figures/hist02.png Graphic file (type png)
 <use figures/hist02.png>
Package pdftex.def Info: figures/hist02.png used on input line 438.
(pdftex.def)             Requested size: 211.38832pt x 158.53795pt.

[9 <./figures/thresholded_adjacency.png>] [10 <./figures/hist01.png> <./figures
/hist02.png>] <figures/all_hists01.png, id=240, 1233.6489pt x 636.6987pt>
File: figures/all_hists01.png Graphic file (type png)

<use figures/all_hists01.png>
Package pdftex.def Info: figures/all_hists01.png used on input line 465.
(pdftex.def)             Requested size: 704.63252pt x 363.6701pt.

Overfull \hbox (72.27002pt too wide) in paragraph at lines 465--467
 [][] 
 []

<figures/all_hists_deconvoluted01.png, id=241, 1227.1446pt x 635.976pt>
File: figures/all_hists_deconvoluted01.png Graphic file (type png)

<use figures/all_hists_deconvoluted01.png>
Package pdftex.def Info: figures/all_hists_deconvoluted01.png used on input lin
e 473.
(pdftex.def)             Requested size: 704.63252pt x 365.17874pt.

Overfull \hbox (72.27002pt too wide) in paragraph at lines 473--475
 [][] 
 []

[11

 <./figures/all_hists01.png>] [12 <./figures/all_hists_deconvoluted01.png>]
<figures/normalized_heatmap.png, id=258, 229.85875pt x 230.8625pt>
File: figures/normalized_heatmap.png Graphic file (type png)

<use figures/normalized_heatmap.png>
Package pdftex.def Info: figures/normalized_heatmap.png used on input line 493.

(pdftex.def)             Requested size: 187.89914pt x 188.73074pt.

<figures/my_result.png, id=259, 243.91125pt x 249.93375pt>
File: figures/my_result.png Graphic file (type png)

<use figures/my_result.png>
Package pdftex.def Info: figures/my_result.png used on input line 498.
(pdftex.def)             Requested size: 187.89914pt x 192.5411pt.

<figures/original_cleaned.png, id=274, 229.85875pt x 230.8625pt>
File: figures/original_cleaned.png Graphic file (type png)

<use figures/original_cleaned.png>
Package pdftex.def Info: figures/original_cleaned.png used on input line 536.
(pdftex.def)             Requested size: 140.92793pt x 141.55157pt.

<figures/pearson.png, id=275, 231.86626pt x 229.85875pt>
File: figures/pearson.png Graphic file (type png)

<use figures/pearson.png>
Package pdftex.def Info: figures/pearson.png used on input line 541.
(pdftex.def)             Requested size: 140.92793pt x 139.70856pt.
 <figures/scn.png, id=276, 229.85875pt x 230.8625pt>
File: figures/scn.png Graphic file (type png)

<use figures/scn.png>
Package pdftex.def Info: figures/scn.png used on input line 546.
(pdftex.def)             Requested size: 140.92793pt x 141.55157pt.
 <figures/scn+pearson.png, id=277, 228.855pt x 228.855pt>
File: figures/scn+pearson.png Graphic file (type png)

<use figures/scn+pearson.png>
Package pdftex.def Info: figures/scn+pearson.png used on input line 551.
(pdftex.def)             Requested size: 140.92793pt x 140.93181pt.

<figures/pearson+scn.png, id=278, 230.8625pt x 230.8625pt>
File: figures/pearson+scn.png Graphic file (type png)

<use figures/pearson+scn.png>
Package pdftex.def Info: figures/pearson+scn.png used on input line 556.
(pdftex.def)             Requested size: 140.92793pt x 140.92807pt.

<figures/pyr.png, id=279, 231.86626pt x 234.8775pt>
File: figures/pyr.png Graphic file (type png)
 <use figures/pyr.png>
Package pdftex.def Info: figures/pyr.png used on input line 561.
(pdftex.def)             Requested size: 140.92793pt x 142.75897pt.

[13

 <./figures/normalized_heatmap.png> <./figures/my_result.png>] [14 <./figures/o
riginal_cleaned.png> <./figures/pearson.png> <./figures/scn.png> <./figures/scn
+pearson.png> <./figures/pearson+scn.png> <./figures/pyr.png>]
<figures/pearson_hist.png, id=327, 1664.3781pt x 883.8621pt>
File: figures/pearson_hist.png Graphic file (type png)

<use figures/pearson_hist.png>
Package pdftex.def Info: figures/pearson_hist.png used on input line 593.
(pdftex.def)             Requested size: 704.63252pt x 374.20009pt.

Overfull \hbox (72.27002pt too wide) in paragraph at lines 593--594
 [][] 
 []

<figures/pyr_hist_1mb.png, id=328, 1635.4701pt x 880.2486pt>
File: figures/pyr_hist_1mb.png Graphic file (type png)

<use figures/pyr_hist_1mb.png>
Package pdftex.def Info: figures/pyr_hist_1mb.png used on input line 600.
(pdftex.def)             Requested size: 704.63252pt x 379.2517pt.

Overfull \hbox (72.27002pt too wide) in paragraph at lines 600--601
 [][] 
 []

[15

 <./figures/pearson_hist.png>] [16 <./figures/pyr_hist_1mb.png>]
<figures/ALL_60per_thresh.png, id=339, 134.00063pt x 134.00063pt>
File: figures/ALL_60per_thresh.png Graphic file (type png)

<use figures/ALL_60per_thresh.png>
Package pdftex.def Info: figures/ALL_60per_thresh.png used on input line 617.
(pdftex.def)             Requested size: 211.38832pt x 211.38739pt.

<figures/MIT_60per_thresh.png, id=340, 134.00063pt x 134.00063pt>
File: figures/MIT_60per_thresh.png Graphic file (type png)

<use figures/MIT_60per_thresh.png>
Package pdftex.def Info: figures/MIT_60per_thresh.png used on input line 622.
(pdftex.def)             Requested size: 211.38832pt x 211.38739pt.

<figures/ALL_MIT_common.png, id=341, 134.00063pt x 134.00063pt>
File: figures/ALL_MIT_common.png Graphic file (type png)

<use figures/ALL_MIT_common.png>
Package pdftex.def Info: figures/ALL_MIT_common.png used on input line 627.
(pdftex.def)             Requested size: 211.38832pt x 211.38739pt.

<figures/ALL_MIT_diff.png, id=342, 134.00063pt x 134.00063pt>
File: figures/ALL_MIT_diff.png Graphic file (type png)

<use figures/ALL_MIT_diff.png>
Package pdftex.def Info: figures/ALL_MIT_diff.png used on input line 632.
(pdftex.def)             Requested size: 211.38832pt x 211.38739pt.
 (../scripts/logs/2018-01-31.log [17

 <./figures/ALL_60per_thresh.png (PNG copy)> <./figures/MIT_60per_thresh.png (P
NG copy)> <./figures/ALL_MIT_common.png (PNG copy)> <./figures/ALL_MIT_diff.png
 (PNG copy)>]

LaTeX Warning: File `../scripts/above_90per.png' not found on input line 19.


! Package pdftex.def Error: File `../scripts/above_90per.png' not found.

See the pdftex.def package documentation for explanation.
Type  H <return>  for immediate help.
 ...                                              
                                                  
l.19 ...th=\textwidth]{../scripts/above_90per.png}
                                                  
? 
[18]) (./basics.bbl [19] [20])
Package atveryend Info: Empty hook `BeforeClearDocument' on input line 648.
 [21]
Package atveryend Info: Empty hook `AfterLastShipout' on input line 648.
 (./basics.aux)
Package atveryend Info: Executing hook `AtVeryEndDocument' on input line 648.
Package atveryend Info: Executing hook `AtEndAfterFileList' on input line 648.
Package rerunfilecheck Info: File `basics.out' has not changed.
(rerunfilecheck)             Checksum: 35263E1F056F34933F92460B851AB6A7;678.


LaTeX Font Warning: Some font shapes were not available, defaults substituted.

Package atveryend Info: Empty hook `AtVeryVeryEnd' on input line 648.
 ) 
Here is how much of TeX's memory you used:
 8393 strings out of 493029
 126785 string characters out of 6136233
 234873 words of memory out of 5000000
 11710 multiletter control sequences out of 15000+600000
 12040 words of font info for 43 fonts, out of 8000000 for 9000
 1141 hyphenation exceptions out of 8191
 36i,9n,39p,931b,487s stack positions out of 5000i,500n,10000p,200000b,80000s
pdfTeX warning (dest): name{Hfootnote.2} has been referenced but does not exi
st, replaced by a fixed one

pdfTeX warning (dest): name{Hfootnote.1} has been referenced but does not exist
, replaced by a fixed one

</usr/share/texlive/texmf-dist/fonts/type1/public/amsfonts/cm/cmbx10.pfb></usr/
share/texlive/texmf-dist/fonts/type1/public/amsfonts/cm/cmex10.pfb></usr/share/
texlive/texmf-dist/fonts/type1/public/amsfonts/cm/cmmi10.pfb></usr/share/texliv
e/texmf-dist/fonts/type1/public/amsfonts/cm/cmmi5.pfb></usr/share/texlive/texmf
-dist/fonts/type1/public/amsfonts/cm/cmmi7.pfb></usr/share/texlive/texmf-dist/f
onts/type1/public/amsfonts/cm/cmr10.pfb></usr/share/texlive/texmf-dist/fonts/ty
pe1/public/amsfonts/cm/cmr5.pfb></usr/share/texlive/texmf-dist/fonts/type1/publ
ic/amsfonts/cm/cmr7.pfb></usr/share/texlive/texmf-dist/fonts/type1/public/amsfo
nts/cm/cmss10.pfb></usr/share/texlive/texmf-dist/fonts/type1/public/amsfonts/cm
/cmss8.pfb></usr/share/texlive/texmf-dist/fonts/type1/public/amsfonts/cm/cmssbx
10.pfb></usr/share/texlive/texmf-dist/fonts/type1/public/amsfonts/cm/cmssi10.pf
b></usr/share/texlive/texmf-dist/fonts/type1/public/amsfonts/cm/cmsy10.pfb></us
r/share/texlive/texmf-dist/fonts/type1/public/amsfonts/cm/cmsy7.pfb></usr/share
/texlive/texmf-dist/fonts/type1/public/amsfonts/cm/cmtt10.pfb>
Output written on basics.pdf (21 pages, 1730110 bytes).
PDF statistics:
 453 PDF objects out of 1000 (max. 8388607)
 352 compressed objects within 4 object streams
 112 named destinations out of 1000 (max. 500000)
 194 words of extra memory for PDF output out of 10000 (max. 10000000)

